{"/Users/stenvala/Dropbox/Antti_private/github/stenvala/aws-cdk-demos/ts-rest-api/src/services/integrator.service.ts": {"path":"/Users/stenvala/Dropbox/Antti_private/github/stenvala/aws-cdk-demos/ts-rest-api/src/services/integrator.service.ts","statementMap":{"0":{"start":{"line":3,"column":0},"end":{"line":3,"column":13}},"1":{"start":{"line":6,"column":8},"end":{"line":10,"column":null}},"2":{"start":{"line":7,"column":11},"end":{"line":9,"column":7}},"3":{"start":{"line":7,"column":4},"end":{"line":9,"column":7}},"4":{"start":{"line":12,"column":8},"end":{"line":17,"column":null}},"5":{"start":{"line":13,"column":11},"end":{"line":16,"column":7}},"6":{"start":{"line":13,"column":4},"end":{"line":16,"column":7}},"7":{"start":{"line":19,"column":16},"end":{"line":21,"column":null}},"8":{"start":{"line":20,"column":4},"end":{"line":20,"column":33}},"9":{"start":{"line":22,"column":0},"end":{"line":22,"column":null}},"10":{"start":{"line":3,"column":13},"end":{"line":3,"column":30}}},"fnMap":{"0":{"name":"(anonymous_13)","decl":{"start":{"line":3,"column":0},"end":{"line":3,"column":13}},"loc":{"start":{"line":3,"column":0},"end":{"line":22,"column":null}}},"1":{"name":"IntegratorService","decl":{"start":{"line":4,"column":2},"end":{"line":4,"column":17}},"loc":{"start":{"line":4,"column":2},"end":{"line":4,"column":18}}},"2":{"name":"(anonymous_15)","decl":{"start":{"line":6,"column":2},"end":{"line":6,"column":8}},"loc":{"start":{"line":6,"column":2},"end":{"line":10,"column":null}}},"3":{"name":"(anonymous_18)","decl":{"start":{"line":12,"column":2},"end":{"line":12,"column":8}},"loc":{"start":{"line":12,"column":43},"end":{"line":17,"column":null}}},"4":{"name":"(anonymous_21)","decl":{"start":{"line":19,"column":2},"end":{"line":19,"column":16}},"loc":{"start":{"line":19,"column":37},"end":{"line":21,"column":null}}}},"branchMap":{"0":{"loc":{"start":{"line":7,"column":11},"end":{"line":9,"column":7}},"type":"switch","locations":[{"start":{"line":7,"column":11},"end":{"line":9,"column":7}},{"start":{"line":7,"column":4},"end":{"line":9,"column":7}}]},"1":{"loc":{"start":{"line":13,"column":11},"end":{"line":16,"column":7}},"type":"switch","locations":[{"start":{"line":13,"column":11},"end":{"line":16,"column":7}},{"start":{"line":13,"column":4},"end":{"line":16,"column":7}}]}},"s":{"0":1,"1":1,"2":1,"3":1,"4":1,"5":1,"6":1,"7":1,"8":2,"9":1,"10":1},"f":{"0":1,"1":2,"2":1,"3":1,"4":2},"b":{"0":[1,1],"1":[1,1]}}
}
